<?xml version="1.0" encoding="UTF-8"?>
<!-- Generated by org.testng.reporters.JUnitXMLReporter -->
<testsuite hostname="LAPTOP-F189313A" name="Default test" tests="5" failures="0" timestamp="22 Feb 2021 01:46:36 GMT" time="0.139" errors="0">
  <testcase name="test1" time="0.04" classname="TestNG.GroupingExample"/>
  <testcase name="test2" time="0.005" classname="TestNG.GroupingExample"/>
  <testcase name="test3" time="0.004" classname="TestNG.GroupingExample"/>
  <testcase name="test4" time="0.006" classname="TestNG.GroupingExample"/>
  <testcase name="test5" time="0.004" classname="TestNG.GroupingExample"/>
</testsuite> <!-- Default test -->
